Remove Pin=*-0 From Net=M1_PWM
Remove Pin=*-1 From Net=INV
Remove Pin=*-2 From Net=M2_PWM
Remove Pin=*-3 From Net=M3_PWM
Remove Pin=*-4 From Net=M4_PWM
Remove Pin=*-5 From Net=PIXEL_0
Remove Pin=*-6 From Net=PIXEL_2
Remove Pin=*-7 From Net=PIXEL_4
Remove Pin=*-8 From Net=PIXEL_6
Remove Pin=*-9 From Net=CLK
Remove Pin=*-10 From Net=HREF
Remove Pin=*-11 From Net=VSYNC
Remove Pin=*-12 From Net=PIXEL_7
Remove Pin=*-13 From Net=PIXEL_5
Remove Pin=*-18 From Net=SCL
Remove Pin=*-19 From Net=SDA
Remove Pin=*-20 From Net=RX
Remove Pin=*-21 From Net=TX
Remove Pin=*-22 From Net=PIXEL_3
Remove Pin=*-23 From Net=PIXEL_1
Remove Pin=*-24 From Net=VIN
Remove Pin=*-27 From Net=5V_P
Remove Pin=*-28 From Net=3V3
Remove Pin=*-29 From Net=RESET
