Removed Pin From Net: NetName=5V Pin=ALTIMU-10-2
Removed Pin From Net: NetName=GND Pin=ALTIMU-10-3
Removed Pin From Net: NetName=SDA Pin=ALTIMU-10-4
Removed Pin From Net: NetName=SCL Pin=ALTIMU-10-5
Removed Pin From Net: NetName=5V Pin=R1-1
Removed Pin From Net: NetName=SCL Pin=R1-2
Removed Pin From Net: NetName=5V Pin=R2-1
Removed Pin From Net: NetName=SDA Pin=R2-2
Removed Pin From Net: NetName=5V_P Pin=R3-2
Removed Member From Class: ClassName=pcb_dron_schematic Member=ALTIMU-10
Added Component: Designator=*(MPU6050)
Add component. Clean all parameters for all variants
Added Pin To Net: NetName=SDA Pin=*-5
Added Pin To Net: NetName=SCL Pin=*-6
Added Pin To Net: NetName=GND Pin=*-7
Added Pin To Net: NetName=3V3 Pin=*-8
Added Pin To Net: NetName=GND Pin=*-25
Added Pin To Net: NetName=GND Pin=*-26
Added Pin To Net: NetName=SCL Pin=R1-1
Added Pin To Net: NetName=3V3 Pin=R1-2
Added Pin To Net: NetName=SDA Pin=R2-1
Added Pin To Net: NetName=3V3 Pin=R2-2
Added Pin To Net: NetName=5V Pin=R3-2
Added Pin To Net: NetName=PCLK Pin=OV7670-6
Added Net: Name=PCLK
Added Member To Class: ClassName=pcb_dron_schematic Member=Component * IceZumAlhambra
Added Member To Class: ClassName=pcb_dron_schematic Member=Component MC33926
Added Room: Name=pcb_dron_schematic
