Change Component Designator: OldDesignator= NewDesignator=*
Added Component: Designator=*(MPU6050)
Add component. Clean all parameters for all variants
Added Component: Designator=MC33926(MC33926)
Add component. Clean all parameters for all variants
Added Component: Designator=OV7670(OV7670)
Add component. Clean all parameters for all variants
Added Component: Designator=R1(AXIAL-0.3)
Add component. Clean all parameters for all variants
Add component (AddParameter): Name = "LatestRevisionDate"; Value = "17-Jul-2002"; VariantName = "[No Variations]"
Add component (AddParameter): Name = "LatestRevisionNote"; Value = "Re-released for DXP Platform."; VariantName = "[No Variations]"
Add component (AddParameter): Name = "PackageDescription"; Value = "Axial Device, Thru-Hole; 2 Leads; 0.3 in Pin Spacing"; VariantName = "[No Variations]"
Add component (AddParameter): Name = "PackageReference"; Value = "AXIAL-0.3"; VariantName = "[No Variations]"
Add component (AddParameter): Name = "Published"; Value = "8-Jun-2000"; VariantName = "[No Variations]"
Add component (AddParameter): Name = "Publisher"; Value = "Altium Limited"; VariantName = "[No Variations]"
Add component (AddParameter): Name = "Value"; Value = "10K"; VariantName = "[No Variations]"
Added Component: Designator=R2(AXIAL-0.3)
Add component. Clean all parameters for all variants
Add component (AddParameter): Name = "LatestRevisionDate"; Value = "17-Jul-2002"; VariantName = "[No Variations]"
Add component (AddParameter): Name = "LatestRevisionNote"; Value = "Re-released for DXP Platform."; VariantName = "[No Variations]"
Add component (AddParameter): Name = "PackageDescription"; Value = "Axial Device, Thru-Hole; 2 Leads; 0.3 in Pin Spacing"; VariantName = "[No Variations]"
Add component (AddParameter): Name = "PackageReference"; Value = "AXIAL-0.3"; VariantName = "[No Variations]"
Add component (AddParameter): Name = "Published"; Value = "8-Jun-2000"; VariantName = "[No Variations]"
Add component (AddParameter): Name = "Publisher"; Value = "Altium Limited"; VariantName = "[No Variations]"
Add component (AddParameter): Name = "Value"; Value = "10K"; VariantName = "[No Variations]"
Added Component: Designator=R3(AXIAL-0.3)
Add component. Clean all parameters for all variants
Add component (AddParameter): Name = "LatestRevisionDate"; Value = "17-Jul-2002"; VariantName = "[No Variations]"
Add component (AddParameter): Name = "LatestRevisionNote"; Value = "Re-released for DXP Platform."; VariantName = "[No Variations]"
Add component (AddParameter): Name = "PackageDescription"; Value = "Axial Device, Thru-Hole; 2 Leads; 0.3 in Pin Spacing"; VariantName = "[No Variations]"
Add component (AddParameter): Name = "PackageReference"; Value = "AXIAL-0.3"; VariantName = "[No Variations]"
Add component (AddParameter): Name = "Published"; Value = "8-Jun-2000"; VariantName = "[No Variations]"
Add component (AddParameter): Name = "Publisher"; Value = "Altium Limited"; VariantName = "[No Variations]"
Add component (AddParameter): Name = "Value"; Value = "10K"; VariantName = "[No Variations]"
Added Pin To Net: NetName=INT Pin=*-1
Added Pin To Net: NetName=AD0 Pin=*-2
Added Pin To Net: NetName=XCL Pin=*-3
Added Pin To Net: NetName=XDA Pin=*-4
Added Pin To Net: NetName=SDA Pin=*-5
Added Pin To Net: NetName=SCL Pin=*-6
Added Pin To Net: NetName=GND Pin=*-7
Added Pin To Net: NetName=3V3 Pin=*-8
Added Pin To Net: NetName=GND Pin=MC33926-4
Added Pin To Net: NetName=NetMC33926_5 Pin=MC33926-5
Added Pin To Net: NetName=M1_PWM Pin=MC33926-6
Added Pin To Net: NetName=GND Pin=MC33926-7
Added Pin To Net: NetName=NetMC33926_5 Pin=MC33926-10
Added Pin To Net: NetName=INV Pin=MC33926-12
Added Pin To Net: NetName=GND Pin=MC33926-13
Added Pin To Net: NetName=NetMC33926_5 Pin=MC33926-14
Added Pin To Net: NetName=M2_PWM Pin=MC33926-15
Added Pin To Net: NetName=GND Pin=MC33926-16
Added Pin To Net: NetName=RESET Pin=OV7670-1
Added Pin To Net: NetName=PIXEL_1 Pin=OV7670-2
Added Pin To Net: NetName=PIXEL_3 Pin=OV7670-3
Added Pin To Net: NetName=PIXEL_5 Pin=OV7670-4
Added Pin To Net: NetName=PIXEL_7 Pin=OV7670-5
Added Pin To Net: NetName=PCLK Pin=OV7670-6
Added Pin To Net: NetName=VSYNC Pin=OV7670-7
Added Pin To Net: NetName=SCL Pin=OV7670-8
Added Pin To Net: NetName=3V3 Pin=OV7670-9
Added Pin To Net: NetName=GND Pin=OV7670-10
Added Pin To Net: NetName=SDA Pin=OV7670-11
Added Pin To Net: NetName=HREF Pin=OV7670-12
Added Pin To Net: NetName=CLK Pin=OV7670-13
Added Pin To Net: NetName=PIXEL_6 Pin=OV7670-14
Added Pin To Net: NetName=PIXEL_4 Pin=OV7670-15
Added Pin To Net: NetName=PIXEL_2 Pin=OV7670-16
Added Pin To Net: NetName=PIXEL_0 Pin=OV7670-17
Added Pin To Net: NetName=SCL Pin=R1-1
Added Pin To Net: NetName=3V3 Pin=R1-2
Added Pin To Net: NetName=SDA Pin=R2-1
Added Pin To Net: NetName=3V3 Pin=R2-2
Added Pin To Net: NetName=NetMC33926_5 Pin=R3-1
Added Pin To Net: NetName=5V_P Pin=R3-2
Added Member To Class: ClassName=pcb_dron_schematic Member=Component * MPU6050
Added Member To Class: ClassName=pcb_dron_schematic Member=Component MC33926
Added Member To Class: ClassName=pcb_dron_schematic Member=Component OV7670
Added Member To Class: ClassName=pcb_dron_schematic Member=Component R1 Pull-up
Added Member To Class: ClassName=pcb_dron_schematic Member=Component R2 Pull-up
Added Member To Class: ClassName=pcb_dron_schematic Member=Component R3 Pull-up
Added Room: Name=pcb_dron_schematic
