Removed Pin From Net: NetName=VCC Pin=R?-2
Change Component Comment : Designator=R? Old Comment=Res1 New Comment=Pull-up
Change component parameters: Designator = "R?"; Footprint = "AXIAL-0.3"; UniqueID = "\WSKHTDJF"
Change component parameters. Clean all parameters for all variants
Change component parameters (AddParameter): Name = "LatestRevisionDate"; Value = "17-Jul-2002"; VariantName = "[No Variations]"
Change component parameters (AddParameter): Name = "LatestRevisionNote"; Value = "Re-released for DXP Platform."; VariantName = "[No Variations]"
Change component parameters (AddParameter): Name = "PackageDescription"; Value = "Axial Device, Thru-Hole; 2 Leads; 0.3 in Pin Spacing"; VariantName = "[No Variations]"
Change component parameters (AddParameter): Name = "PackageReference"; Value = "AXIAL-0.3"; VariantName = "[No Variations]"
Change component parameters (AddParameter): Name = "Published"; Value = "8-Jun-2000"; VariantName = "[No Variations]"
Change component parameters (AddParameter): Name = "Publisher"; Value = "Altium Limited"; VariantName = "[No Variations]"
Change component parameters (AddParameter): Name = "Value"; Value = "10K"; VariantName = "[No Variations]"
Added Component: Designator=R?(AXIAL-0.3)
Add component. Clean all parameters for all variants
Add component (AddParameter): Name = "LatestRevisionDate"; Value = "17-Jul-2002"; VariantName = "[No Variations]"
Add component (AddParameter): Name = "LatestRevisionNote"; Value = "Re-released for DXP Platform."; VariantName = "[No Variations]"
Add component (AddParameter): Name = "PackageDescription"; Value = "Axial Device, Thru-Hole; 2 Leads; 0.3 in Pin Spacing"; VariantName = "[No Variations]"
Add component (AddParameter): Name = "PackageReference"; Value = "AXIAL-0.3"; VariantName = "[No Variations]"
Add component (AddParameter): Name = "Published"; Value = "8-Jun-2000"; VariantName = "[No Variations]"
Add component (AddParameter): Name = "Publisher"; Value = "Altium Limited"; VariantName = "[No Variations]"
Add component (AddParameter): Name = "Value"; Value = "10K"; VariantName = "[No Variations]"
Added Component: Designator=R?(AXIAL-0.3)
Add component. Clean all parameters for all variants
Add component (AddParameter): Name = "LatestRevisionDate"; Value = "17-Jul-2002"; VariantName = "[No Variations]"
Add component (AddParameter): Name = "LatestRevisionNote"; Value = "Re-released for DXP Platform."; VariantName = "[No Variations]"
Add component (AddParameter): Name = "PackageDescription"; Value = "Axial Device, Thru-Hole; 2 Leads; 0.3 in Pin Spacing"; VariantName = "[No Variations]"
Add component (AddParameter): Name = "PackageReference"; Value = "AXIAL-0.3"; VariantName = "[No Variations]"
Add component (AddParameter): Name = "Published"; Value = "8-Jun-2000"; VariantName = "[No Variations]"
Add component (AddParameter): Name = "Publisher"; Value = "Altium Limited"; VariantName = "[No Variations]"
Add component (AddParameter): Name = "Value"; Value = "10K"; VariantName = "[No Variations]"
Added Component: Designator=(ALTIMU-10)
Add component. Clean all parameters for all variants
Added Pin To Net: NetName=GND Pin=-3
Added Pin To Net: NetName=SDA Pin=-4
Added Pin To Net: NetName=SCL Pin=-5
Added Pin To Net: NetName=3V3 Pin=-28
Added Pin To Net: NetName=SCL Pin=R?-2
Added Pin To Net: NetName=SDA Pin=R?-2
Added Pin To Net: NetName=5V_P Pin=-27
Added Net: Name=5V_P
Added Pin To Net: NetName=5V Pin=-2
Added Pin To Net: NetName=5V Pin=-30
Added Pin To Net: NetName=5V Pin=R?-1
Added Pin To Net: NetName=5V Pin=R?-1
Added Pin To Net: NetName=5V Pin=R?-2
Added Net: Name=5V
Added Pin To Net: NetName=CLK Pin=*-13
Added Pin To Net: NetName=CLK Pin=-13
Added Net: Name=CLK
Added Pin To Net: NetName=HREF Pin=*-12
Added Pin To Net: NetName=HREF Pin=-23
Added Net: Name=HREF
Added Pin To Net: NetName=RX Pin=-20
Added Net: Name=RX
Added Pin To Net: NetName=TX Pin=-21
Added Net: Name=TX
Added Pin To Net: NetName=VSYNC Pin=*-7
Added Pin To Net: NetName=VSYNC Pin=-22
Added Net: Name=VSYNC
Added Member To Class: ClassName=pcb_dron_schematic Member=Component * SCREW_2PIN
Added Member To Class: ClassName=pcb_dron_schematic Member=Component * MC33926
Added Member To Class: ClassName=pcb_dron_schematic Member=Component * OV7670
Added Member To Class: ClassName=pcb_dron_schematic Member=Component C? Cap Pol1
Added Member To Class: ClassName=pcb_dron_schematic Member=Component C? Cap Pol1
Added Member To Class: ClassName=pcb_dron_schematic Member=Component R? Pull-up
Added Member To Class: ClassName=pcb_dron_schematic Member=Component R? Pull-up
Added Member To Class: ClassName=pcb_dron_schematic Member=Component R? Pull-up
Added Member To Class: ClassName=pcb_dron_schematic Member=Component  ALTIMU-10
Added Member To Class: ClassName=pcb_dron_schematic Member=Component  SCREW_2PIN
Added Member To Class: ClassName=pcb_dron_schematic Member=Component  SCREW_2PIN
Added Member To Class: ClassName=pcb_dron_schematic Member=Component  SCREW_2PIN
Added Member To Class: ClassName=pcb_dron_schematic Member=Component  SCREW_2PIN
Added Member To Class: ClassName=pcb_dron_schematic Member=Component  IceZumAlhambra
Added Member To Class: ClassName=pcb_dron_schematic Member=Component U? AMS1117-3.3
