Removed Pin From Net: NetName=RESET Pin=OV7670-1
Removed Pin From Net: NetName=PIXEL_1 Pin=OV7670-2
Removed Pin From Net: NetName=PIXEL_3 Pin=OV7670-3
Removed Pin From Net: NetName=PIXEL_5 Pin=OV7670-4
Removed Pin From Net: NetName=PIXEL_7 Pin=OV7670-5
Removed Pin From Net: NetName=M4_PWM/PCLK Pin=OV7670-6
Removed Pin From Net: NetName=VSYNC Pin=OV7670-7
Removed Pin From Net: NetName=SCL Pin=OV7670-8
Removed Pin From Net: NetName=3V3 Pin=OV7670-9
Removed Pin From Net: NetName=GND Pin=OV7670-10
Removed Pin From Net: NetName=SDA Pin=OV7670-11
Removed Pin From Net: NetName=HREF Pin=OV7670-12
Removed Pin From Net: NetName=CLK Pin=OV7670-13
Removed Pin From Net: NetName=PIXEL_6 Pin=OV7670-14
Removed Pin From Net: NetName=PIXEL_4 Pin=OV7670-15
Removed Pin From Net: NetName=PIXEL_2 Pin=OV7670-16
Removed Pin From Net: NetName=PIXEL_0 Pin=OV7670-17
Removed Member From Class: ClassName=pcb_dron_schematic Member=OV7670
Added Component: Designator=*(OV7670)
Add component. Clean all parameters for all variants
Added Pin To Net: NetName=RESET Pin=*-1
Added Pin To Net: NetName=PIXEL_1 Pin=*-2
Added Pin To Net: NetName=PIXEL_3 Pin=*-3
Added Pin To Net: NetName=PIXEL_5 Pin=*-4
Added Pin To Net: NetName=PIXEL_7 Pin=*-5
Added Pin To Net: NetName=M4_PWM/PCLK Pin=*-6
Added Pin To Net: NetName=VSYNC Pin=*-7
Added Pin To Net: NetName=SCL Pin=*-8
Added Pin To Net: NetName=3V3 Pin=*-9
Added Pin To Net: NetName=GND Pin=*-10
Added Pin To Net: NetName=SDA Pin=*-11
Added Pin To Net: NetName=HREF Pin=*-12
Added Pin To Net: NetName=CLK Pin=*-13
Added Pin To Net: NetName=PIXEL_6 Pin=*-14
Added Pin To Net: NetName=PIXEL_4 Pin=*-15
Added Pin To Net: NetName=PIXEL_2 Pin=*-16
Added Pin To Net: NetName=PIXEL_0 Pin=*-17
Added Member To Class: ClassName=pcb_dron_schematic Member=Component * 4PINS-CONNECTOR
Added Member To Class: ClassName=pcb_dron_schematic Member=Component * IceZumAlhambraII
Added Member To Class: ClassName=pcb_dron_schematic Member=Component * OV7670
Added Member To Class: ClassName=pcb_dron_schematic Member=Component * SWITCH I2C MPU6050
Added Room: Name=pcb_dron_schematic
