Added Component: Designator=LIPO_INPUT(SCREW_2PIN)
Add component. Clean all parameters for all variants
Added Component: Designator=Motor1(SCREW_2PIN)
Add component. Clean all parameters for all variants
Added Component: Designator=Motor2(SCREW_2PIN)
Add component. Clean all parameters for all variants
Added Component: Designator=Motor3(SCREW_2PIN)
Add component. Clean all parameters for all variants
Added Component: Designator=Motor4(SCREW_2PIN)
Add component. Clean all parameters for all variants
Added Pin To Net: NetName=VCC Pin=LIPO_INPUT-1
Added Pin To Net: NetName=GND Pin=LIPO_INPUT-2
Added Pin To Net: NetName=VCC Pin=Motor1-1
Added Pin To Net: NetName=GND Pin=Motor1-2
Added Pin To Net: NetName=VCC Pin=Motor2-1
Added Pin To Net: NetName=GND Pin=Motor2-2
Added Pin To Net: NetName=VCC Pin=Motor3-1
Added Pin To Net: NetName=GND Pin=Motor3-2
Added Pin To Net: NetName=VCC Pin=Motor4-1
Added Pin To Net: NetName=GND Pin=Motor4-2
Added Member To Class: ClassName=pcb_dron_schematic Member=Component LIPO_INPUT SCREW_2PIN
Added Member To Class: ClassName=pcb_dron_schematic Member=Component Motor1 SCREW_2PIN
Added Member To Class: ClassName=pcb_dron_schematic Member=Component Motor2 SCREW_2PIN
Added Member To Class: ClassName=pcb_dron_schematic Member=Component Motor3 SCREW_2PIN
Added Member To Class: ClassName=pcb_dron_schematic Member=Component Motor4 SCREW_2PIN
