Added Component: Designator=*(IceZumAlhambra)
Add component. Clean all parameters for all variants
Added Component: Designator=OV7670(OV7670)
Add component. Clean all parameters for all variants
Added Pin To Net: NetName=M1_PWM Pin=*-0
Added Pin To Net: NetName=INV Pin=*-1
Added Pin To Net: NetName=M2_PWM Pin=*-2
Added Pin To Net: NetName=M3_PWM Pin=*-3
Added Pin To Net: NetName=M4_PWM Pin=*-4
Added Pin To Net: NetName=PIXEL_0 Pin=*-5
Added Pin To Net: NetName=PIXEL_2 Pin=*-6
Added Pin To Net: NetName=PIXEL_4 Pin=*-7
Added Pin To Net: NetName=PIXEL_6 Pin=*-8
Added Pin To Net: NetName=CLK Pin=*-9
Added Pin To Net: NetName=HREF Pin=*-10
Added Pin To Net: NetName=VSYNC Pin=*-11
Added Pin To Net: NetName=PIXEL_7 Pin=*-12
Added Pin To Net: NetName=PIXEL_5 Pin=*-13
Added Pin To Net: NetName=SDA Pin=*-16
Added Pin To Net: NetName=SCL Pin=*-17
Added Pin To Net: NetName=SCL Pin=*-18
Added Pin To Net: NetName=SDA Pin=*-19
Added Pin To Net: NetName=RX Pin=*-20
Added Pin To Net: NetName=TX Pin=*-21
Added Pin To Net: NetName=PIXEL_1 Pin=*-22
Added Pin To Net: NetName=PIXEL_3 Pin=*-23
Added Pin To Net: NetName=VIN Pin=*-24
Added Pin To Net: NetName=5V_P Pin=*-27
Added Pin To Net: NetName=3V3 Pin=*-28
Added Pin To Net: NetName=5V Pin=*-30
Added Pin To Net: NetName=PIXEL_1 Pin=OV7670-2
Added Pin To Net: NetName=PIXEL_3 Pin=OV7670-3
Added Pin To Net: NetName=PIXEL_5 Pin=OV7670-4
Added Pin To Net: NetName=PIXEL_7 Pin=OV7670-5
Added Pin To Net: NetName=VSYNC Pin=OV7670-7
Added Pin To Net: NetName=SCL Pin=OV7670-8
Added Pin To Net: NetName=3V3 Pin=OV7670-9
Added Pin To Net: NetName=GND Pin=OV7670-10
Added Pin To Net: NetName=SDA Pin=OV7670-11
Added Pin To Net: NetName=HREF Pin=OV7670-12
Added Pin To Net: NetName=CLK Pin=OV7670-13
Added Pin To Net: NetName=PIXEL_6 Pin=OV7670-14
Added Pin To Net: NetName=PIXEL_4 Pin=OV7670-15
Added Pin To Net: NetName=PIXEL_2 Pin=OV7670-16
Added Pin To Net: NetName=PIXEL_0 Pin=OV7670-17
Added Member To Class: ClassName=pcb_dron_schematic Member=Component * IceZumAlhambra
Added Member To Class: ClassName=pcb_dron_schematic Member=Component OV7670
