Removed Pin From Net: NetName=VCC Pin=C?-1
Removed Pin From Net: NetName=GND Pin=C?-2
Removed Pin From Net: NetName=VCC Pin=R?-2
Removed Pin From Net: NetName=3V3 Pin=U?-2
Change Component Comment : Designator=R? Old Comment=Res1 New Comment=Pull-up
Change Component Designator: OldDesignator=R? NewDesignator=R3
Change component parameters: Designator = "R3"; Footprint = "AXIAL-0.3"; UniqueID = "\WSKHTDJF"
Change component parameters. Clean all parameters for all variants
Change component parameters (AddParameter): Name = "LatestRevisionDate"; Value = "17-Jul-2002"; VariantName = "[No Variations]"
Change component parameters (AddParameter): Name = "LatestRevisionNote"; Value = "Re-released for DXP Platform."; VariantName = "[No Variations]"
Change component parameters (AddParameter): Name = "PackageDescription"; Value = "Axial Device, Thru-Hole; 2 Leads; 0.3 in Pin Spacing"; VariantName = "[No Variations]"
Change component parameters (AddParameter): Name = "PackageReference"; Value = "AXIAL-0.3"; VariantName = "[No Variations]"
Change component parameters (AddParameter): Name = "Published"; Value = "8-Jun-2000"; VariantName = "[No Variations]"
Change component parameters (AddParameter): Name = "Publisher"; Value = "Altium Limited"; VariantName = "[No Variations]"
Change component parameters (AddParameter): Name = "Value"; Value = "10K"; VariantName = "[No Variations]"
Added Component: Designator=C1(100uF_elect)
Add component. Clean all parameters for all variants
Added Component: Designator=C2(100uF_elect)
Add component. Clean all parameters for all variants
Added Component: Designator=R1(AXIAL-0.3)
Add component. Clean all parameters for all variants
Add component (AddParameter): Name = "LatestRevisionDate"; Value = "17-Jul-2002"; VariantName = "[No Variations]"
Add component (AddParameter): Name = "LatestRevisionNote"; Value = "Re-released for DXP Platform."; VariantName = "[No Variations]"
Add component (AddParameter): Name = "PackageDescription"; Value = "Axial Device, Thru-Hole; 2 Leads; 0.3 in Pin Spacing"; VariantName = "[No Variations]"
Add component (AddParameter): Name = "PackageReference"; Value = "AXIAL-0.3"; VariantName = "[No Variations]"
Add component (AddParameter): Name = "Published"; Value = "8-Jun-2000"; VariantName = "[No Variations]"
Add component (AddParameter): Name = "Publisher"; Value = "Altium Limited"; VariantName = "[No Variations]"
Add component (AddParameter): Name = "Value"; Value = "10K"; VariantName = "[No Variations]"
Added Component: Designator=R2(AXIAL-0.3)
Add component. Clean all parameters for all variants
Add component (AddParameter): Name = "LatestRevisionDate"; Value = "17-Jul-2002"; VariantName = "[No Variations]"
Add component (AddParameter): Name = "LatestRevisionNote"; Value = "Re-released for DXP Platform."; VariantName = "[No Variations]"
Add component (AddParameter): Name = "PackageDescription"; Value = "Axial Device, Thru-Hole; 2 Leads; 0.3 in Pin Spacing"; VariantName = "[No Variations]"
Add component (AddParameter): Name = "PackageReference"; Value = "AXIAL-0.3"; VariantName = "[No Variations]"
Add component (AddParameter): Name = "Published"; Value = "8-Jun-2000"; VariantName = "[No Variations]"
Add component (AddParameter): Name = "Publisher"; Value = "Altium Limited"; VariantName = "[No Variations]"
Add component (AddParameter): Name = "Value"; Value = "10K"; VariantName = "[No Variations]"
Added Component: Designator=(ALTIMU-10)
Add component. Clean all parameters for all variants
Added Pin To Net: NetName=GND Pin=-3
Added Pin To Net: NetName=SDA Pin=-4
Added Pin To Net: NetName=SCL Pin=-5
Added Pin To Net: NetName=3V3 Pin=-28
Added Pin To Net: NetName=GND Pin=C1-1
Added Pin To Net: NetName=VCC Pin=C1-2
Added Pin To Net: NetName=GND Pin=C2-1
Added Pin To Net: NetName=SCL Pin=R1-2
Added Pin To Net: NetName=SDA Pin=R2-2
Change Net Name : Old Net Name=Net*_5 New Net Name=Net_5
Added Pin To Net: NetName=5V_P Pin=-27
Added Net: Name=5V_P
Added Pin To Net: NetName=5V Pin=-2
Added Pin To Net: NetName=5V Pin=-30
Added Pin To Net: NetName=5V Pin=R1-1
Added Pin To Net: NetName=5V Pin=R2-1
Added Pin To Net: NetName=5V Pin=R3-2
Added Net: Name=5V
Added Pin To Net: NetName=CLK Pin=*-13
Added Pin To Net: NetName=CLK Pin=-13
Added Net: Name=CLK
Added Pin To Net: NetName=HREF Pin=*-12
Added Pin To Net: NetName=HREF Pin=-23
Added Net: Name=HREF
Added Pin To Net: NetName=RX Pin=-20
Added Net: Name=RX
Added Pin To Net: NetName=TX Pin=-21
Added Net: Name=TX
Added Pin To Net: NetName=VIN Pin=-24
Added Pin To Net: NetName=VIN Pin=C2-2
Added Pin To Net: NetName=VIN Pin=U?-2
Added Net: Name=VIN
Added Pin To Net: NetName=VSYNC Pin=*-7
Added Pin To Net: NetName=VSYNC Pin=-22
Added Net: Name=VSYNC
Added Member To Class: ClassName=pcb_dron_schematic Member=Component * OV7670
Added Member To Class: ClassName=pcb_dron_schematic Member=Component C1 10uF
Added Member To Class: ClassName=pcb_dron_schematic Member=Component C2 100uF
Added Member To Class: ClassName=pcb_dron_schematic Member=Component R1 Pull-up
Added Member To Class: ClassName=pcb_dron_schematic Member=Component R2 Pull-up
Added Member To Class: ClassName=pcb_dron_schematic Member=Component R3 Pull-up
Added Member To Class: ClassName=pcb_dron_schematic Member=Component  SCREW_2PIN
Added Member To Class: ClassName=pcb_dron_schematic Member=Component  SCREW_2PIN
Added Member To Class: ClassName=pcb_dron_schematic Member=Component  SCREW_2PIN
Added Member To Class: ClassName=pcb_dron_schematic Member=Component  SCREW_2PIN
Added Member To Class: ClassName=pcb_dron_schematic Member=Component  SCREW_2PIN
Added Member To Class: ClassName=pcb_dron_schematic Member=Component  IceZumAlhambra
Added Member To Class: ClassName=pcb_dron_schematic Member=Component  MC33926
Added Member To Class: ClassName=pcb_dron_schematic Member=Component  ALTIMU-10
Added Member To Class: ClassName=pcb_dron_schematic Member=Component U? AMS1117-3.3
